<?xml version="1.0" encoding="UTF-8"?>
<testng-results skipped="0" failed="0" ignored="0" total="1" passed="1">
  <reporter-output>
  </reporter-output>
  <suite name="com.SalesForcePageFactory.login.LoginTest" duration-ms="44" started-at="2020-08-28T22:20:40Z" finished-at="2020-08-28T22:20:41Z">
    <groups>
    </groups>
    <test name="Command line test" duration-ms="44" started-at="2020-08-28T22:20:40Z" finished-at="2020-08-28T22:20:41Z">
      <class name="com.SalesForcePageFactory.login.LoginTest">
        <test-method status="PASS" signature="loginTestWithValidCredential()[pri:0, instance:com.SalesForcePageFactory.login.LoginTest@3cbbc1e0]" name="loginTestWithValidCredential" duration-ms="10" started-at="2020-08-28T22:20:40Z" finished-at="2020-08-28T22:20:40Z">
          <reporter-output>
          </reporter-output>
        </test-method> <!-- loginTestWithValidCredential -->
      </class> <!-- com.SalesForcePageFactory.login.LoginTest -->
    </test> <!-- Command line test -->
  </suite> <!-- com.SalesForcePageFactory.login.LoginTest -->
</testng-results>
