<?xml version="1.0" encoding="UTF-8"?>
<testng-results skipped="0" failed="0" ignored="0" total="1" passed="1">
  <reporter-output>
  </reporter-output>
  <suite name="Default suite" duration-ms="2327" started-at="2020-09-20T22:49:09Z" finished-at="2020-09-20T22:49:11Z">
    <groups>
    </groups>
    <test name="Default test" duration-ms="2327" started-at="2020-09-20T22:49:09Z" finished-at="2020-09-20T22:49:11Z">
      <class name="com.SalesForcePageFactory.login.Login_WithConstructorTest">
        <test-method status="PASS" signature="setUp()[pri:0, instance:com.SalesForcePageFactory.login.Login_WithConstructorTest@399c4be1]" name="setUp" is-config="true" duration-ms="15657" started-at="2020-09-20T22:48:53Z" finished-at="2020-09-20T22:49:09Z">
          <reporter-output>
          </reporter-output>
        </test-method> <!-- setUp -->
        <test-method status="PASS" signature="loginWithValidCredentialTest()[pri:1, instance:com.SalesForcePageFactory.login.Login_WithConstructorTest@399c4be1]" name="loginWithValidCredentialTest" duration-ms="2273" started-at="2020-09-20T22:49:09Z" finished-at="2020-09-20T22:49:11Z">
          <reporter-output>
          </reporter-output>
        </test-method> <!-- loginWithValidCredentialTest -->
        <test-method status="PASS" signature="tearDown()[pri:0, instance:com.SalesForcePageFactory.login.Login_WithConstructorTest@399c4be1]" name="tearDown" is-config="true" duration-ms="994" started-at="2020-09-20T22:49:11Z" finished-at="2020-09-20T22:49:12Z">
          <reporter-output>
          </reporter-output>
        </test-method> <!-- tearDown -->
      </class> <!-- com.SalesForcePageFactory.login.Login_WithConstructorTest -->
    </test> <!-- Default test -->
  </suite> <!-- Default suite -->
</testng-results>
